"Signed transaction with txID: Y2J2UNJ3O7BCJBBIPLDP5F6MS4LXQUM476LWXWD64LSNGVJ35GHA\nCreated new app-id: 5":
    application-index: 5
    confirmed-round: 308
    global-state-delta:
        - key: d2l0aGRvd19BZHZpc29ycw==
          value:
              action: 2
        - key: d2l0aGRvd19UZWFt
          value:
              action: 2
        - key: QW1vdW50VG90YWxDb21wYW55UmVzZXJ2ZQ==
          value:
              action: 2
              uint: 30000000
        - key: YWR2aXNvcnM=
          value:
              action: 1
              bytes: o5WcoXJ2VKhVSKW7oehtKevRvHbxCHRt+3nFTa4wvM8=
        - key: Y29tcGFueV9yZXNlcnZl
          value:
              action: 1
              bytes: nd0cdfcXHLeiS/BQrPqlqVxsOhKzDNy0WxEc20/4zM0=
        - key: cHJpdmF0ZV9pbnZlc3Rvcg==
          value:
              action: 1
              bytes: Hls0UAlSDTORTAyBHOsbo8RwgQF8dk/I/rv0+t+jmgk=
        - key: dGVhbQ==
          value:
              action: 1
              bytes: 7diAGCG2kDVwRiH69+mna9DZWnjo16jQshpPCwPFUow=
        - key: d2l0aGRvd19Qcml2YXRlSW52ZXN0b3Jz
          value:
              action: 2
        - key: QW1vdW50VG90YWxBZHZpc29ycw==
          value:
              action: 2
              uint: 10000000
        - key: QW1vdW50VG90YWxQcml2YXRlSW52ZXN0b3Jz
          value:
              action: 2
              uint: 20000000
        - key: QW1vdW50VG90YWxUZWFt
          value:
              action: 2
              uint: 15000000
        - key: dmFjb2luaWQ=
          value:
              action: 2
              uint: 4
        - key: d2l0aGRvd19Db21wYW55UmVzZXJ2ZQ==
          value:
              action: 2
    pool-error: ""
    txn:
        sig:
            type: Buffer
            data:
                - 227
                - 63
                - 160
                - 195
                - 8
                - 83
                - 146
                - 78
                - 85
                - 19
                - 57
                - 137
                - 80
                - 77
                - 239
                - 132
                - 252
                - 212
                - 254
                - 165
                - 66
                - 131
                - 144
                - 32
                - 86
                - 11
                - 41
                - 128
                - 94
                - 43
                - 54
                - 82
                - 69
                - 165
                - 4
                - 86
                - 45
                - 150
                - 2
                - 31
                - 153
                - 239
                - 78
                - 12
                - 162
                - 86
                - 105
                - 94
                - 153
                - 197
                - 147
                - 205
                - 174
                - 248
                - 216
                - 91
                - 207
                - 162
                - 41
                - 118
                - 220
                - 113
                - 114
                - 8
        txn:
            apaa:
                - type: Buffer
                  data:
                      - 0
                      - 0
                      - 0
                      - 0
                      - 0
                      - 0
                      - 0
                      - 4
                - type: Buffer
                  data:
                      - 0
                      - 0
                      - 0
                      - 0
                      - 0
                      - 152
                      - 150
                      - 128
                - type: Buffer
                  data:
                      - 0
                      - 0
                      - 0
                      - 0
                      - 1
                      - 49
                      - 45
                      - 0
                - type: Buffer
                  data:
                      - 0
                      - 0
                      - 0
                      - 0
                      - 1
                      - 201
                      - 195
                      - 128
                - type: Buffer
                  data:
                      - 0
                      - 0
                      - 0
                      - 0
                      - 0
                      - 228
                      - 225
                      - 192
            apap:
                type: Buffer
                data:
                    - 6
                    - 32
                    - 7
                    - 0
                    - 1
                    - 4
                    - 216
                    - 138
                    - 134
                    - 15
                    - 168
                    - 193
                    - 160
                    - 1
                    - 2
                    - 24
                    - 38
                    - 15
                    - 11
                    - 105
                    - 110
                    - 105
                    - 116
                    - 105
                    - 97
                    - 108
                    - 84
                    - 105
                    - 109
                    - 101
                    - 22
                    - 119
                    - 105
                    - 116
                    - 104
                    - 100
                    - 111
                    - 119
                    - 95
                    - 67
                    - 111
                    - 109
                    - 112
                    - 97
                    - 110
                    - 121
                    - 82
                    - 101
                    - 115
                    - 101
                    - 114
                    - 118
                    - 101
                    - 8
                    - 118
                    - 97
                    - 99
                    - 111
                    - 105
                    - 110
                    - 105
                    - 100
                    - 8
                    - 97
                    - 100
                    - 118
                    - 105
                    - 115
                    - 111
                    - 114
                    - 115
                    - 4
                    - 116
                    - 101
                    - 97
                    - 109
                    - 16
                    - 112
                    - 114
                    - 105
                    - 118
                    - 97
                    - 116
                    - 101
                    - 95
                    - 105
                    - 110
                    - 118
                    - 101
                    - 115
                    - 116
                    - 111
                    - 114
                    - 15
                    - 99
                    - 111
                    - 109
                    - 112
                    - 97
                    - 110
                    - 121
                    - 95
                    - 114
                    - 101
                    - 115
                    - 101
                    - 114
                    - 118
                    - 101
                    - 25
                    - 65
                    - 109
                    - 111
                    - 117
                    - 110
                    - 116
                    - 84
                    - 111
                    - 116
                    - 97
                    - 108
                    - 67
                    - 111
                    - 109
                    - 112
                    - 97
                    - 110
                    - 121
                    - 82
                    - 101
                    - 115
                    - 101
                    - 114
                    - 118
                    - 101
                    - 24
                    - 119
                    - 105
                    - 116
                    - 104
                    - 100
                    - 111
                    - 119
                    - 95
                    - 80
                    - 114
                    - 105
                    - 118
                    - 97
                    - 116
                    - 101
                    - 73
                    - 110
                    - 118
                    - 101
                    - 115
                    - 116
                    - 111
                    - 114
                    - 115
                    - 27
                    - 65
                    - 109
                    - 111
                    - 117
                    - 110
                    - 116
                    - 84
                    - 111
                    - 116
                    - 97
                    - 108
                    - 80
                    - 114
                    - 105
                    - 118
                    - 97
                    - 116
                    - 101
                    - 73
                    - 110
                    - 118
                    - 101
                    - 115
                    - 116
                    - 111
                    - 114
                    - 115
                    - 12
                    - 119
                    - 105
                    - 116
                    - 104
                    - 100
                    - 111
                    - 119
                    - 95
                    - 84
                    - 101
                    - 97
                    - 109
                    - 15
                    - 65
                    - 109
                    - 111
                    - 117
                    - 110
                    - 116
                    - 84
                    - 111
                    - 116
                    - 97
                    - 108
                    - 84
                    - 101
                    - 97
                    - 109
                    - 16
                    - 119
                    - 105
                    - 116
                    - 104
                    - 100
                    - 111
                    - 119
                    - 95
                    - 65
                    - 100
                    - 118
                    - 105
                    - 115
                    - 111
                    - 114
                    - 115
                    - 19
                    - 65
                    - 109
                    - 111
                    - 117
                    - 110
                    - 116
                    - 84
                    - 111
                    - 116
                    - 97
                    - 108
                    - 65
                    - 100
                    - 118
                    - 105
                    - 115
                    - 111
                    - 114
                    - 115
                    - 11
                    - 111
                    - 112
                    - 116
                    - 73
                    - 110
                    - 83
                    - 116
                    - 97
                    - 116
                    - 117
                    - 115
                    - 49
                    - 24
                    - 34
                    - 18
                    - 64
                    - 1
                    - 92
                    - 49
                    - 25
                    - 35
                    - 18
                    - 64
                    - 1
                    - 83
                    - 49
                    - 25
                    - 33
                    - 5
                    - 18
                    - 64
                    - 1
                    - 73
                    - 49
                    - 25
                    - 36
                    - 18
                    - 64
                    - 1
                    - 64
                    - 49
                    - 25
                    - 129
                    - 5
                    - 18
                    - 64
                    - 1
                    - 54
                    - 49
                    - 25
                    - 34
                    - 18
                    - 64
                    - 0
                    - 1
                    - 0
                    - 49
                    - 32
                    - 50
                    - 3
                    - 18
                    - 49
                    - 9
                    - 50
                    - 3
                    - 18
                    - 16
                    - 49
                    - 21
                    - 50
                    - 3
                    - 18
                    - 16
                    - 68
                    - 54
                    - 26
                    - 0
                    - 128
                    - 5
                    - 111
                    - 112
                    - 116
                    - 105
                    - 110
                    - 18
                    - 64
                    - 0
                    - 210
                    - 54
                    - 26
                    - 0
                    - 128
                    - 19
                    - 119
                    - 105
                    - 116
                    - 104
                    - 100
                    - 114
                    - 97
                    - 119
                    - 70
                    - 114
                    - 111
                    - 109
                    - 86
                    - 101
                    - 115
                    - 116
                    - 105
                    - 110
                    - 103
                    - 18
                    - 64
                    - 0
                    - 26
                    - 54
                    - 26
                    - 0
                    - 128
                    - 8
                    - 105
                    - 110
                    - 105
                    - 116
                    - 84
                    - 105
                    - 109
                    - 101
                    - 18
                    - 64
                    - 0
                    - 1
                    - 0
                    - 40
                    - 54
                    - 26
                    - 1
                    - 23
                    - 103
                    - 35
                    - 67
                    - 49
                    - 32
                    - 50
                    - 3
                    - 18
                    - 49
                    - 9
                    - 50
                    - 3
                    - 18
                    - 16
                    - 49
                    - 21
                    - 50
                    - 3
                    - 18
                    - 16
                    - 68
                    - 49
                    - 0
                    - 43
                    - 100
                    - 18
                    - 64
                    - 0
                    - 100
                    - 49
                    - 0
                    - 39
                    - 4
                    - 100
                    - 18
                    - 64
                    - 0
                    - 61
                    - 49
                    - 0
                    - 39
                    - 5
                    - 100
                    - 18
                    - 64
                    - 0
                    - 22
                    - 49
                    - 0
                    - 39
                    - 6
                    - 100
                    - 18
                    - 64
                    - 0
                    - 1
                    - 0
                    - 41
                    - 39
                    - 7
                    - 100
                    - 41
                    - 100
                    - 9
                    - 136
                    - 0
                    - 252
                    - 35
                    - 67
                    - 50
                    - 7
                    - 40
                    - 100
                    - 37
                    - 8
                    - 13
                    - 64
                    - 0
                    - 2
                    - 34
                    - 67
                    - 39
                    - 8
                    - 39
                    - 9
                    - 50
                    - 7
                    - 40
                    - 100
                    - 9
                    - 33
                    - 4
                    - 10
                    - 136
                    - 1
                    - 51
                    - 66
                    - 255
                    - 224
                    - 50
                    - 7
                    - 40
                    - 100
                    - 37
                    - 8
                    - 13
                    - 64
                    - 0
                    - 2
                    - 34
                    - 67
                    - 39
                    - 10
                    - 39
                    - 11
                    - 50
                    - 7
                    - 40
                    - 100
                    - 9
                    - 33
                    - 4
                    - 10
                    - 136
                    - 1
                    - 21
                    - 66
                    - 255
                    - 194
                    - 50
                    - 7
                    - 40
                    - 100
                    - 37
                    - 8
                    - 13
                    - 64
                    - 0
                    - 2
                    - 34
                    - 67
                    - 39
                    - 12
                    - 39
                    - 13
                    - 50
                    - 7
                    - 40
                    - 100
                    - 9
                    - 33
                    - 4
                    - 10
                    - 136
                    - 0
                    - 247
                    - 66
                    - 255
                    - 164
                    - 49
                    - 32
                    - 50
                    - 3
                    - 18
                    - 49
                    - 9
                    - 50
                    - 3
                    - 18
                    - 16
                    - 49
                    - 21
                    - 50
                    - 3
                    - 18
                    - 16
                    - 68
                    - 39
                    - 14
                    - 100
                    - 34
                    - 18
                    - 68
                    - 54
                    - 48
                    - 0
                    - 42
                    - 100
                    - 18
                    - 68
                    - 49
                    - 0
                    - 50
                    - 9
                    - 18
                    - 68
                    - 177
                    - 36
                    - 178
                    - 16
                    - 50
                    - 10
                    - 178
                    - 20
                    - 34
                    - 178
                    - 18
                    - 54
                    - 48
                    - 0
                    - 178
                    - 17
                    - 179
                    - 39
                    - 14
                    - 35
                    - 103
                    - 35
                    - 67
                    - 34
                    - 67
                    - 34
                    - 67
                    - 35
                    - 67
                    - 34
                    - 67
                    - 49
                    - 32
                    - 50
                    - 3
                    - 18
                    - 49
                    - 9
                    - 50
                    - 3
                    - 18
                    - 16
                    - 49
                    - 21
                    - 50
                    - 3
                    - 18
                    - 16
                    - 68
                    - 42
                    - 54
                    - 26
                    - 0
                    - 23
                    - 103
                    - 43
                    - 54
                    - 28
                    - 1
                    - 103
                    - 39
                    - 5
                    - 54
                    - 28
                    - 2
                    - 103
                    - 39
                    - 6
                    - 54
                    - 28
                    - 3
                    - 103
                    - 39
                    - 4
                    - 54
                    - 28
                    - 4
                    - 103
                    - 39
                    - 13
                    - 54
                    - 26
                    - 1
                    - 23
                    - 103
                    - 39
                    - 9
                    - 54
                    - 26
                    - 2
                    - 23
                    - 103
                    - 39
                    - 7
                    - 54
                    - 26
                    - 3
                    - 23
                    - 103
                    - 39
                    - 11
                    - 54
                    - 26
                    - 4
                    - 23
                    - 103
                    - 39
                    - 12
                    - 34
                    - 103
                    - 39
                    - 8
                    - 34
                    - 103
                    - 39
                    - 10
                    - 34
                    - 103
                    - 41
                    - 34
                    - 103
                    - 35
                    - 67
                    - 53
                    - 1
                    - 53
                    - 0
                    - 42
                    - 100
                    - 55
                    - 1
                    - 48
                    - 0
                    - 18
                    - 68
                    - 50
                    - 4
                    - 33
                    - 5
                    - 18
                    - 68
                    - 51
                    - 0
                    - 16
                    - 35
                    - 18
                    - 68
                    - 51
                    - 1
                    - 16
                    - 129
                    - 6
                    - 18
                    - 68
                    - 55
                    - 1
                    - 26
                    - 1
                    - 23
                    - 52
                    - 1
                    - 14
                    - 68
                    - 55
                    - 1
                    - 26
                    - 1
                    - 23
                    - 34
                    - 13
                    - 68
                    - 177
                    - 36
                    - 178
                    - 16
                    - 51
                    - 1
                    - 0
                    - 178
                    - 20
                    - 55
                    - 1
                    - 26
                    - 1
                    - 23
                    - 178
                    - 18
                    - 55
                    - 1
                    - 48
                    - 0
                    - 178
                    - 17
                    - 179
                    - 52
                    - 0
                    - 52
                    - 0
                    - 100
                    - 55
                    - 1
                    - 26
                    - 1
                    - 23
                    - 8
                    - 103
                    - 137
                    - 53
                    - 4
                    - 53
                    - 3
                    - 53
                    - 2
                    - 52
                    - 4
                    - 129
                    - 12
                    - 14
                    - 64
                    - 0
                    - 46
                    - 52
                    - 4
                    - 33
                    - 6
                    - 13
                    - 64
                    - 0
                    - 23
                    - 52
                    - 2
                    - 52
                    - 3
                    - 100
                    - 52
                    - 4
                    - 35
                    - 9
                    - 11
                    - 33
                    - 6
                    - 10
                    - 52
                    - 2
                    - 100
                    - 9
                    - 136
                    - 255
                    - 130
                    - 66
                    - 0
                    - 17
                    - 52
                    - 2
                    - 52
                    - 3
                    - 100
                    - 52
                    - 2
                    - 100
                    - 9
                    - 136
                    - 255
                    - 115
                    - 66
                    - 0
                    - 2
                    - 34
                    - 67
                    - 137
            apat:
                - type: Buffer
                  data:
                      - 163
                      - 149
                      - 156
                      - 161
                      - 114
                      - 118
                      - 84
                      - 168
                      - 85
                      - 72
                      - 165
                      - 187
                      - 161
                      - 232
                      - 109
                      - 41
                      - 235
                      - 209
                      - 188
                      - 118
                      - 241
                      - 8
                      - 116
                      - 109
                      - 251
                      - 121
                      - 197
                      - 77
                      - 174
                      - 48
                      - 188
                      - 207
                - type: Buffer
                  data:
                      - 30
                      - 91
                      - 52
                      - 80
                      - 9
                      - 82
                      - 13
                      - 51
                      - 145
                      - 76
                      - 12
                      - 129
                      - 28
                      - 235
                      - 27
                      - 163
                      - 196
                      - 112
                      - 129
                      - 1
                      - 124
                      - 118
                      - 79
                      - 200
                      - 254
                      - 187
                      - 244
                      - 250
                      - 223
                      - 163
                      - 154
                      - 9
                - type: Buffer
                  data:
                      - 157
                      - 221
                      - 28
                      - 117
                      - 247
                      - 23
                      - 28
                      - 183
                      - 162
                      - 75
                      - 240
                      - 80
                      - 172
                      - 250
                      - 165
                      - 169
                      - 92
                      - 108
                      - 58
                      - 18
                      - 179
                      - 12
                      - 220
                      - 180
                      - 91
                      - 17
                      - 28
                      - 219
                      - 79
                      - 248
                      - 204
                      - 205
                - type: Buffer
                  data:
                      - 237
                      - 216
                      - 128
                      - 24
                      - 33
                      - 182
                      - 144
                      - 53
                      - 112
                      - 70
                      - 33
                      - 250
                      - 247
                      - 233
                      - 167
                      - 107
                      - 208
                      - 217
                      - 90
                      - 120
                      - 232
                      - 215
                      - 168
                      - 208
                      - 178
                      - 26
                      - 79
                      - 11
                      - 3
                      - 197
                      - 82
                      - 140
            apgs:
                nbs: 4
                nui: 12
            apsu:
                type: Buffer
                data:
                    - 6
                    - 129
                    - 1
                    - 67
            fee: 1000
            fv: 305
            gen: sandnet-v1
            gh:
                type: Buffer
                data:
                    - 28
                    - 127
                    - 15
                    - 235
                    - 72
                    - 249
                    - 31
                    - 118
                    - 111
                    - 57
                    - 137
                    - 231
                    - 204
                    - 241
                    - 187
                    - 16
                    - 68
                    - 108
                    - 252
                    - 180
                    - 117
                    - 83
                    - 141
                    - 58
                    - 79
                    - 25
                    - 83
                    - 34
                    - 89
                    - 56
                    - 123
                    - 206
            lv: 1305
            snd:
                type: Buffer
                data:
                    - 213
                    - 141
                    - 98
                    - 225
                    - 243
                    - 235
                    - 22
                    - 14
                    - 12
                    - 98
                    - 187
                    - 95
                    - 231
                    - 230
                    - 238
                    - 125
                    - 94
                    - 2
                    - 42
                    - 51
                    - 124
                    - 101
                    - 116
                    - 141
                    - 206
                    - 19
                    - 183
                    - 89
                    - 65
                    - 196
                    - 225
                    - 244
            type: appl
