"Signed transaction with txID: Y6VZPIOMXEBBMI6ZBC7G63PPD64OKUMQLGNBDXLGMQZAGL377GDQ\nCreated new app-id: 1":
    application-index: 1
    confirmed-round: 301
    pool-error: ""
    sender-rewards: 28000000000
    txn:
        sig:
            type: Buffer
            data:
                - 85
                - 199
                - 196
                - 247
                - 171
                - 144
                - 16
                - 79
                - 7
                - 14
                - 77
                - 202
                - 118
                - 168
                - 27
                - 3
                - 156
                - 117
                - 29
                - 75
                - 213
                - 64
                - 131
                - 85
                - 203
                - 54
                - 37
                - 16
                - 101
                - 115
                - 223
                - 132
                - 28
                - 161
                - 166
                - 250
                - 6
                - 62
                - 200
                - 104
                - 243
                - 44
                - 15
                - 220
                - 207
                - 203
                - 103
                - 218
                - 7
                - 103
                - 152
                - 63
                - 182
                - 49
                - 158
                - 110
                - 3
                - 48
                - 185
                - 74
                - 123
                - 247
                - 218
                - 6
        txn:
            apap:
                type: Buffer
                data:
                    - 6
                    - 32
                    - 3
                    - 0
                    - 1
                    - 4
                    - 38
                    - 2
                    - 8
                    - 118
                    - 97
                    - 99
                    - 111
                    - 105
                    - 110
                    - 105
                    - 100
                    - 12
                    - 118
                    - 101
                    - 115
                    - 116
                    - 105
                    - 110
                    - 103
                    - 95
                    - 65
                    - 100
                    - 100
                    - 114
                    - 49
                    - 24
                    - 34
                    - 18
                    - 64
                    - 1
                    - 15
                    - 49
                    - 25
                    - 35
                    - 18
                    - 64
                    - 1
                    - 6
                    - 49
                    - 25
                    - 129
                    - 2
                    - 18
                    - 64
                    - 0
                    - 252
                    - 49
                    - 25
                    - 36
                    - 18
                    - 64
                    - 0
                    - 243
                    - 49
                    - 25
                    - 129
                    - 5
                    - 18
                    - 64
                    - 0
                    - 233
                    - 49
                    - 25
                    - 34
                    - 18
                    - 64
                    - 0
                    - 1
                    - 0
                    - 54
                    - 26
                    - 0
                    - 128
                    - 12
                    - 99
                    - 114
                    - 101
                    - 97
                    - 116
                    - 101
                    - 95
                    - 97
                    - 115
                    - 115
                    - 101
                    - 116
                    - 18
                    - 64
                    - 0
                    - 136
                    - 54
                    - 26
                    - 0
                    - 128
                    - 15
                    - 116
                    - 114
                    - 97
                    - 110
                    - 115
                    - 102
                    - 101
                    - 114
                    - 86
                    - 101
                    - 115
                    - 116
                    - 105
                    - 110
                    - 103
                    - 18
                    - 64
                    - 0
                    - 50
                    - 54
                    - 26
                    - 0
                    - 128
                    - 15
                    - 118
                    - 101
                    - 115
                    - 116
                    - 105
                    - 110
                    - 103
                    - 95
                    - 97
                    - 99
                    - 99
                    - 111
                    - 117
                    - 110
                    - 116
                    - 18
                    - 64
                    - 0
                    - 1
                    - 0
                    - 49
                    - 32
                    - 50
                    - 3
                    - 18
                    - 49
                    - 9
                    - 50
                    - 3
                    - 18
                    - 16
                    - 49
                    - 21
                    - 50
                    - 3
                    - 18
                    - 16
                    - 68
                    - 41
                    - 54
                    - 28
                    - 1
                    - 103
                    - 35
                    - 67
                    - 49
                    - 32
                    - 50
                    - 3
                    - 18
                    - 49
                    - 9
                    - 50
                    - 3
                    - 18
                    - 16
                    - 49
                    - 21
                    - 50
                    - 3
                    - 18
                    - 16
                    - 68
                    - 41
                    - 100
                    - 54
                    - 28
                    - 1
                    - 18
                    - 68
                    - 49
                    - 0
                    - 50
                    - 9
                    - 18
                    - 68
                    - 40
                    - 100
                    - 54
                    - 48
                    - 0
                    - 18
                    - 68
                    - 177
                    - 36
                    - 178
                    - 16
                    - 54
                    - 28
                    - 1
                    - 178
                    - 20
                    - 129
                    - 192
                    - 209
                    - 225
                    - 35
                    - 178
                    - 18
                    - 54
                    - 48
                    - 0
                    - 178
                    - 17
                    - 179
                    - 35
                    - 67
                    - 49
                    - 32
                    - 50
                    - 3
                    - 18
                    - 49
                    - 9
                    - 50
                    - 3
                    - 18
                    - 16
                    - 49
                    - 21
                    - 50
                    - 3
                    - 18
                    - 16
                    - 68
                    - 49
                    - 0
                    - 50
                    - 9
                    - 18
                    - 68
                    - 40
                    - 100
                    - 34
                    - 18
                    - 68
                    - 177
                    - 129
                    - 3
                    - 178
                    - 16
                    - 129
                    - 128
                    - 194
                    - 215
                    - 47
                    - 178
                    - 34
                    - 34
                    - 178
                    - 35
                    - 128
                    - 3
                    - 86
                    - 65
                    - 67
                    - 178
                    - 37
                    - 128
                    - 6
                    - 86
                    - 65
                    - 67
                    - 111
                    - 105
                    - 110
                    - 178
                    - 38
                    - 179
                    - 40
                    - 180
                    - 60
                    - 103
                    - 35
                    - 67
                    - 34
                    - 67
                    - 34
                    - 67
                    - 35
                    - 67
                    - 34
                    - 67
                    - 49
                    - 32
                    - 50
                    - 3
                    - 18
                    - 49
                    - 9
                    - 50
                    - 3
                    - 18
                    - 16
                    - 49
                    - 21
                    - 50
                    - 3
                    - 18
                    - 16
                    - 68
                    - 35
                    - 67
            apgs:
                nbs: 1
                nui: 1
            apsu:
                type: Buffer
                data:
                    - 6
                    - 129
                    - 1
                    - 67
            fee: 1000
            fv: 299
            gen: sandnet-v1
            gh:
                type: Buffer
                data:
                    - 28
                    - 127
                    - 15
                    - 235
                    - 72
                    - 249
                    - 31
                    - 118
                    - 111
                    - 57
                    - 137
                    - 231
                    - 204
                    - 241
                    - 187
                    - 16
                    - 68
                    - 108
                    - 252
                    - 180
                    - 117
                    - 83
                    - 141
                    - 58
                    - 79
                    - 25
                    - 83
                    - 34
                    - 89
                    - 56
                    - 123
                    - 206
            lv: 1299
            snd:
                type: Buffer
                data:
                    - 213
                    - 141
                    - 98
                    - 225
                    - 243
                    - 235
                    - 22
                    - 14
                    - 12
                    - 98
                    - 187
                    - 95
                    - 231
                    - 230
                    - 238
                    - 125
                    - 94
                    - 2
                    - 42
                    - 51
                    - 124
                    - 101
                    - 116
                    - 141
                    - 206
                    - 19
                    - 183
                    - 89
                    - 65
                    - 196
                    - 225
                    - 244
            type: appl
